[INFO ] 2023-03-10 00:06:34.897 [main] SeleniumFramework - url opend
[INFO ] 2023-03-10 00:06:35.029 [main] SeleniumFramework - window maximized
[INFO ] 2023-03-10 00:06:35.053 [main] SeleniumFramework - Test Case verifyAddToWishList started....
[INFO ] 2023-03-10 00:06:35.244 [main] SeleniumFramework - searched t-shirt product....
[INFO ] 2023-03-10 00:06:37.241 [main] SeleniumFramework - searched t-shirt product listed down....
[INFO ] 2023-03-10 00:09:15.003 [main] SeleniumFramework - url opend
[INFO ] 2023-03-10 00:09:15.149 [main] SeleniumFramework - window maximized
[INFO ] 2023-03-10 00:09:15.172 [main] SeleniumFramework - Test Case verifyAddToWishList started....
[INFO ] 2023-03-10 00:09:15.486 [main] SeleniumFramework - searched t-shirt product....
[INFO ] 2023-03-10 00:09:17.359 [main] SeleniumFramework - searched t-shirt product listed down....
[INFO ] 2023-03-10 00:14:50.397 [main] SeleniumFramework - url opend
[INFO ] 2023-03-10 00:14:50.526 [main] SeleniumFramework - window maximized
[INFO ] 2023-03-10 00:14:50.551 [main] SeleniumFramework - Test Case verifyAddToWishList started....
[INFO ] 2023-03-10 00:14:50.749 [main] SeleniumFramework - searched t-shirt product....
[INFO ] 2023-03-10 00:14:52.754 [main] SeleniumFramework - searched t-shirt product listed down....
[INFO ] 2023-03-10 00:16:04.406 [main] SeleniumFramework - url opend
[INFO ] 2023-03-10 00:16:04.537 [main] SeleniumFramework - window maximized
[INFO ] 2023-03-10 00:16:04.564 [main] SeleniumFramework - Test Case verifyAddToWishList started....
[INFO ] 2023-03-10 00:16:04.828 [main] SeleniumFramework - searched t-shirt product....
[INFO ] 2023-03-10 00:16:06.981 [main] SeleniumFramework - searched t-shirt product listed down....
